<?xml version="1.0" encoding="UTF-8"?>
<!-- Generated by org.testng.reporters.JUnitXMLReporter -->
<testsuite hostname="GQC-Pallavi" name="Default test" tests="4" failures="0" timestamp="29 Dec 2014 09:50:49 GMT" time="8.588" errors="0">
  <testcase name="SampleOne" time="0.016" classname="Scripts.TestClass"/>
  <testcase name="SampleTest" time="0.001" classname="Scripts.TestClass"/>
  <testcase name="Test1" time="8.551" classname="Scripts.AppTest"/>
  <testcase name="MyGoogleDemo" time="0.001" classname="Scripts.GoogleTest"/>
</testsuite> <!-- Default test -->
