<?xml version="1.0" encoding="UTF-8"?>
<testng-results skipped="0" failed="0" total="1" passed="1">
  <reporter-output>
  </reporter-output>
  <suite name="Default suite" duration-ms="9690" started-at="2014-12-22T07:26:42Z" finished-at="2014-12-22T07:26:51Z">
    <groups>
    </groups>
    <test name="Default test" duration-ms="9690" started-at="2014-12-22T07:26:42Z" finished-at="2014-12-22T07:26:51Z">
      <class name="Scripts.GoogleScript">
        <test-method status="PASS" signature="MyFirstDemo()[pri:0, instance:Scripts.GoogleScript@76f7c5]" name="MyFirstDemo" duration-ms="9675" started-at="2014-12-22T12:56:42Z" finished-at="2014-12-22T12:56:51Z">
          <reporter-output>
          </reporter-output>
        </test-method> <!-- MyFirstDemo -->
      </class> <!-- Scripts.GoogleScript -->
    </test> <!-- Default test -->
  </suite> <!-- Default suite -->
</testng-results>
