<?xml version="1.0" encoding="UTF-8"?>
<!-- Generated by org.testng.reporters.JUnitXMLReporter -->
<testsuite hostname="GQC-Pallavi" name="test1" tests="1" failures="1" timestamp="29 Dec 2014 12:23:41 GMT" time="9.393" errors="0">
  <testcase name="AppTestDemo" time="3.246" classname="Scripts.AppTest">
    <failure type="java.lang.AssertionError" message="expected [Google] but found [Google1]">
      <![CDATA[java.lang.AssertionError: expected [Google] but found [Google1]
	at Scripts.AppTest.AppTestDemo(AppTest.java:41)
... Removed 29 stack frames]]>
    </failure>
  </testcase> <!-- AppTestDemo -->
</testsuite> <!-- test1 -->
